c:\users\vasil\documents\codeblocks\computational_graph\x64\debug\vc143.pdb
c:\users\vasil\documents\codeblocks\computational_graph\x64\debug\vc143.idb
c:\users\vasil\documents\codeblocks\computational_graph\x64\debug\computational_graph.obj
c:\users\vasil\documents\codeblocks\computational_graph\x64\debug\comp_func.obj
c:\users\vasil\documents\codeblocks\computational_graph\x64\debug\systems.obj
c:\users\vasil\documents\codeblocks\computational_graph\x64\debug\neural_network.obj
c:\users\vasil\documents\codeblocks\computational_graph\x64\debug\comp_graph.obj
c:\users\vasil\documents\codeblocks\computational_graph\x64\debug\computational_graph.exe
c:\users\vasil\documents\codeblocks\computational_graph\x64\debug\computational_graph.ilk
c:\users\vasil\documents\codeblocks\computational_graph\x64\debug\computational_graph.pdb
c:\users\vasil\documents\codeblocks\computational_graph\x64\debug\computational_graph.obj.enc
c:\users\vasil\documents\codeblocks\computational_graph\x64\debug\comp_func.obj.enc
c:\users\vasil\documents\codeblocks\computational_graph\x64\debug\neural_network.obj.enc
c:\users\vasil\documents\codeblocks\computational_graph\x64\debug\systems.obj.enc
c:\users\vasil\documents\codeblocks\computational_graph\x64\debug\computat.5dff1fdf.tlog\cl.command.1.tlog
c:\users\vasil\documents\codeblocks\computational_graph\x64\debug\computat.5dff1fdf.tlog\cl.read.1.tlog
c:\users\vasil\documents\codeblocks\computational_graph\x64\debug\computat.5dff1fdf.tlog\cl.write.1.tlog
c:\users\vasil\documents\codeblocks\computational_graph\x64\debug\computat.5dff1fdf.tlog\link.23256-cvtres.read.1.tlog
c:\users\vasil\documents\codeblocks\computational_graph\x64\debug\computat.5dff1fdf.tlog\link.23256-cvtres.write.1.tlog
c:\users\vasil\documents\codeblocks\computational_graph\x64\debug\computat.5dff1fdf.tlog\link.23256-rc.read.1.tlog
c:\users\vasil\documents\codeblocks\computational_graph\x64\debug\computat.5dff1fdf.tlog\link.23256-rc.write.1.tlog
c:\users\vasil\documents\codeblocks\computational_graph\x64\debug\computat.5dff1fdf.tlog\link.23256.read.1.tlog
c:\users\vasil\documents\codeblocks\computational_graph\x64\debug\computat.5dff1fdf.tlog\link.23256.read.3.tlog
c:\users\vasil\documents\codeblocks\computational_graph\x64\debug\computat.5dff1fdf.tlog\link.23256.write.1.tlog
c:\users\vasil\documents\codeblocks\computational_graph\x64\debug\computat.5dff1fdf.tlog\link.command.1.tlog
c:\users\vasil\documents\codeblocks\computational_graph\x64\debug\computat.5dff1fdf.tlog\link.read.1.tlog
c:\users\vasil\documents\codeblocks\computational_graph\x64\debug\computat.5dff1fdf.tlog\link.write.1.tlog
